2025-08-15 10:35:23 Initialize configuration
2025-08-15 10:35:23 Successfully initialized configuration
2025-08-15 10:35:23 Initialize options
2025-08-15 10:35:23 Successfully initialized options and saved to file "options.json"
2025-08-15 10:35:23 Initialize models
2025-08-15 10:35:23 Successfully initialized models and saved to file "models.json"
2025-08-15 10:35:23 Get start model
2025-08-15 10:35:23 Successfully get model "cyberrealisticXL_v60.safetensors [f166e3d6dd]"
2025-08-15 10:35:23 2025-08-15 10:35:23 Prompt data successfully loaded
2025-08-15 10:35:23 2025-08-15 10:35:23 Initialize init images data
2025-08-15 10:35:23 2025-08-15 10:35:23 Successfully initialized init images data
2025-08-15 10:35:23 2025-08-15 10:35:23 Generate image 1 of 1
2025-08-15 10:35:23 2025-08-15 10:35:23 Set options "{"sd_model_checkpoint":"cyberillustrious_v50"}"
2025-08-15 10:35:25 2025-08-15 10:35:25 Successfully set options
2025-08-15 10:35:25 2025-08-15 10:35:25 Error generating image with prompt: many female lesbian japanese x-ratet actress with plastic tits and big but, small wet body, spreading legs and fingering each other, on a chair, in the nightclub, with spaceships in background, mystical gaze, highres, realistic photo, professional photography, cinematic angle, dynamic light back shining, and images: 1
2025-08-15 10:35:25 2025-08-15 10:35:25 Successfully created 1 images
2025-08-15 10:35:25 2025-08-15 10:35:25 Restore start model "cyberrealisticXL_v60.safetensors [f166e3d6dd]"
2025-08-15 10:35:25 2025-08-15 10:35:25 Set options "{"sd_model_checkpoint":"cyberrealisticXL_v60.safetensors [f166e3d6dd]"}"
2025-08-15 10:35:26 2025-08-15 10:35:26 Successfully set options
2025-08-15 10:35:26 2025-08-15 10:35:26 Successfully restore model "cyberrealisticXL_v60.safetensors [f166e3d6dd]"
