2025-08-15 10:34:12 Initialize configuration
2025-08-15 10:34:12 Successfully initialized configuration
2025-08-15 10:34:12 Initialize options
2025-08-15 10:34:12 Successfully initialized options and saved to file "options.json"
2025-08-15 10:34:12 Initialize models
2025-08-15 10:34:12 Successfully initialized models and saved to file "models.json"
2025-08-15 10:34:12 Get start model
2025-08-15 10:34:12 Successfully get model "cyberrealisticXL_v60.safetensors [f166e3d6dd]"
2025-08-15 10:34:12 2025-08-15 10:34:12 Prompt data successfully loaded
2025-08-15 10:34:12 2025-08-15 10:34:12 Initialize init images data
2025-08-15 10:34:12 2025-08-15 10:34:12 Successfully initialized init images data
2025-08-15 10:34:12 2025-08-15 10:34:12 Generate image 1 of 1
2025-08-15 10:34:12 2025-08-15 10:34:12 Set options "{"sd_model_checkpoint":"cyberillustrious_v50"}"
2025-08-15 10:34:13 2025-08-15 10:34:13 Successfully set options
2025-08-15 10:34:13 2025-08-15 10:34:13 Error generating image with prompt: many female lesbian japanese x-ratet content creator with plastic tits and small booty, busty body, double dildo in pussy and asshole, on a car hood, country in background, with spaceships in background, mystical gaze, highres, realistic photo, professional photography, cinematic angle, dynamic light back shining, and images: 1
2025-08-15 10:34:13 2025-08-15 10:34:13 Successfully created 1 images
2025-08-15 10:34:13 2025-08-15 10:34:13 Restore start model "cyberrealisticXL_v60.safetensors [f166e3d6dd]"
2025-08-15 10:34:13 2025-08-15 10:34:13 Set options "{"sd_model_checkpoint":"cyberrealisticXL_v60.safetensors [f166e3d6dd]"}"
2025-08-15 10:34:15 2025-08-15 10:34:15 Successfully set options
2025-08-15 10:34:15 2025-08-15 10:34:15 Successfully restore model "cyberrealisticXL_v60.safetensors [f166e3d6dd]"
