2025-08-15 10:36:53 Initialize configuration
2025-08-15 10:36:53 Successfully initialized configuration
2025-08-15 10:36:53 Initialize options
2025-08-15 10:36:53 Successfully initialized options and saved to file "options.json"
2025-08-15 10:36:53 Initialize models
2025-08-15 10:36:53 Successfully initialized models and saved to file "models.json"
2025-08-15 10:36:53 Get start model
2025-08-15 10:36:53 Successfully get model "cyberrealisticXL_v60.safetensors [f166e3d6dd]"
2025-08-15 10:36:53 2025-08-15 10:36:53 Prompt data successfully loaded
2025-08-15 10:36:53 2025-08-15 10:36:53 Generate image 1 of 1000
2025-08-15 10:36:53 2025-08-15 10:36:53 Set options "{"sd_model_checkpoint":"cyberillustrious_v50"}"
2025-08-15 10:36:54 2025-08-15 10:36:54 Successfully set options
2025-08-15 10:36:54 2025-08-15 10:36:54 Call Stable Diffusion API and generate image with prompt: many female lesbian russian erotic model with natural tits and big booty, busty wet body, squirt all over, on a big yacht, outdoor with wood in background, with multicolored spotlights and circles or squares in background, highres, portrait, beauty, minimalist, decorative full flowing intricate fine detail, highres, realistic photo, professional photography, cinematic angle, dynamic light back shining,
2025-08-15 10:46:41 2025-08-15 10:46:41 Successfully save image outputs/txt2img/2025-08-15 10:36:53/cyberillustrious_v50/babe/0_85985800_1755254801.png with prompt: many female lesbian russian erotic model with natural tits and big booty, busty wet body, squirt all over, on a big yacht, outdoor with wood in background, with multicolored spotlights and circles or squares in background, highres, portrait, beauty, minimalist, decorative full flowing intricate fine detail, highres, realistic photo, professional photography, cinematic angle, dynamic light back shining,
2025-08-15 10:46:41 2025-08-15 10:46:41 Generate image 2 of 1000
2025-08-15 10:46:41 2025-08-15 10:46:41 Set options "{"sd_model_checkpoint":"cyberrealisticPony_v125"}"
2025-08-15 10:46:43 2025-08-15 10:46:43 Successfully set options
2025-08-15 10:46:43 2025-08-15 10:46:43 Call Stable Diffusion API and generate image with prompt: two female lesbian korean porn model with medium boobs and small but, small body, squirts over each other, on a sofa, with futuristic background, with multicolored spotlights and circles or squares in background, highres, epic, cinematic. Futuristic, dystopian dreams,
2025-08-15 10:56:18 2025-08-15 10:56:18 Successfully save image outputs/txt2img/2025-08-15 10:36:53/cyberrealisticPony_v125/babe/0_12789300_1755255378.png with prompt: two female lesbian korean porn model with medium boobs and small but, small body, squirts over each other, on a sofa, with futuristic background, with multicolored spotlights and circles or squares in background, highres, epic, cinematic. Futuristic, dystopian dreams,
2025-08-15 10:56:18 2025-08-15 10:56:18 Generate image 3 of 1000
2025-08-15 10:56:18 2025-08-15 10:56:18 Set options "{"sd_model_checkpoint":"cyberrealisticXL_v60"}"
2025-08-15 10:56:19 2025-08-15 10:56:19 Successfully set options
2025-08-15 10:56:19 2025-08-15 10:56:19 Call Stable Diffusion API and generate image with prompt: two female lesbian russian x-ratet actress with big tits and big but, small body, spreading legs and fingering each other, on a big yacht, with a bar in background, with many colored lights in background, highres, dynamic urban setting,
2025-08-15 11:06:08 2025-08-15 11:06:08 Successfully save image outputs/txt2img/2025-08-15 10:36:53/cyberrealisticXL_v60/babe/0_69331600_1755255968.png with prompt: two female lesbian russian x-ratet actress with big tits and big but, small body, spreading legs and fingering each other, on a big yacht, with a bar in background, with many colored lights in background, highres, dynamic urban setting,
2025-08-15 11:06:08 2025-08-15 11:06:08 Generate image 4 of 1000
2025-08-15 11:06:08 2025-08-15 11:06:08 Set options "{"sd_model_checkpoint":"female orgasm-SDXL-V1"}"
2025-08-15 11:06:11 2025-08-15 11:06:11 Successfully set options
2025-08-15 11:06:11 2025-08-15 11:06:11 Call Stable Diffusion API and generate image with prompt: one female japanese sex industry worker with natural tits and big brazilian but, perfect wet body, piss all over each other, on a table, in the nightclub, with multicolored spotlights and circles or squares in background, highres, professional photography, cinematic angle,
